<?xml version="1.0" encoding="UTF-8"?>
<!-- Generated by org.testng.reporters.JUnitXMLReporter -->
<testsuite ignored="0" hostname="LAPTOP-BIM2FR3V" failures="0" tests="6" name="Test" time="62.88" errors="0" timestamp="2024-08-30T05:16:50 IST">
  <testcase classname="testScenarios.HandlingDynData" name="dynDataMath" time="6.017"/>
  <testcase classname="testScenarios.SwitchingWin" name="switchWind" time="8.317"/>
  <testcase classname="testScenarios.SwitchAlerts" name="alerts" time="11.766"/>
  <testcase classname="testScenarios.Vindeep" name="vin" time="13.866"/>
  <testcase classname="testScenarios.MouseActions" name="dragAnddrop" time="9.913"/>
  <testcase classname="testScenarios.MultipleListBox" name="multiList" time="12.913"/>
</testsuite> <!-- Test -->
