<?xml version="1.0" encoding="UTF-8"?>
<!-- Generated by org.testng.reporters.JUnitXMLReporter -->
<testsuite ignored="0" hostname="LAPTOP-BIM2FR3V" failures="0" tests="6" name="Test" time="58.669" errors="0" timestamp="2024-08-31T05:44:30 IST">
  <testcase classname="testScenarios.HandlingDynData" name="dynDataMath" time="5.415"/>
  <testcase classname="testScenarios.SwitchingWin" name="switchWind" time="6.833"/>
  <testcase classname="testScenarios.SwitchAlerts" name="alerts" time="12.133"/>
  <testcase classname="testScenarios.Vindeep" name="vin" time="13.277"/>
  <testcase classname="testScenarios.MouseActions" name="dragAnddrop" time="10.237"/>
  <testcase classname="testScenarios.MultipleListBox" name="multiList" time="10.701"/>
</testsuite> <!-- Test -->
