<?xml version="1.0" encoding="UTF-8"?>
<testng-results ignored="0" total="6" passed="6" failed="0" skipped="0">
  <reporter-output>
    <line>
      <![CDATA[Passed]]>
    </line>
  </reporter-output>
  <suite started-at="2024-08-31T05:43:32 IST" name="Suite" finished-at="2024-08-31T05:44:30 IST" duration-ms="58669">
    <groups>
    </groups>
    <test started-at="2024-08-31T05:43:32 IST" name="Test" finished-at="2024-08-31T05:44:30 IST" duration-ms="58669">
      <class name="testScenarios.SwitchAlerts">
        <test-method signature="alerts()[pri:0, instance:testScenarios.SwitchAlerts@65466a6a]" started-at="2024-08-31T05:43:44 IST" name="alerts" finished-at="2024-08-31T05:43:56 IST" duration-ms="12133" status="PASS">
          <reporter-output>
          </reporter-output>
        </test-method> <!-- alerts -->
      </class> <!-- testScenarios.SwitchAlerts -->
      <class name="testScenarios.HandlingDynData">
        <test-method signature="dynDataMath()[pri:0, instance:testScenarios.HandlingDynData@3967e60c]" started-at="2024-08-31T05:43:32 IST" name="dynDataMath" finished-at="2024-08-31T05:43:37 IST" duration-ms="5415" status="PASS">
          <reporter-output>
          </reporter-output>
        </test-method> <!-- dynDataMath -->
      </class> <!-- testScenarios.HandlingDynData -->
      <class name="testScenarios.Vindeep">
        <test-method signature="vin()[pri:0, instance:testScenarios.Vindeep@4ddced80]" started-at="2024-08-31T05:43:56 IST" name="vin" finished-at="2024-08-31T05:44:09 IST" duration-ms="13277" status="PASS">
          <reporter-output>
          </reporter-output>
        </test-method> <!-- vin -->
      </class> <!-- testScenarios.Vindeep -->
      <class name="testScenarios.MouseActions">
        <test-method signature="dragAnddrop()[pri:0, instance:testScenarios.MouseActions@1534f01b]" started-at="2024-08-31T05:44:09 IST" name="dragAnddrop" finished-at="2024-08-31T05:44:20 IST" duration-ms="10237" status="PASS">
          <reporter-output>
          </reporter-output>
        </test-method> <!-- dragAnddrop -->
      </class> <!-- testScenarios.MouseActions -->
      <class name="testScenarios.SwitchingWin">
        <test-method signature="switchWind()[pri:0, instance:testScenarios.SwitchingWin@4b14c583]" started-at="2024-08-31T05:43:37 IST" name="switchWind" finished-at="2024-08-31T05:43:44 IST" duration-ms="6833" status="PASS">
          <reporter-output>
          </reporter-output>
        </test-method> <!-- switchWind -->
      </class> <!-- testScenarios.SwitchingWin -->
      <class name="testScenarios.MultipleListBox">
        <test-method signature="multiList()[pri:0, instance:testScenarios.MultipleListBox@78e117e3]" started-at="2024-08-31T05:44:20 IST" name="multiList" finished-at="2024-08-31T05:44:30 IST" duration-ms="10701" status="PASS">
          <reporter-output>
            <line>
              <![CDATA[Passed]]>
            </line>
          </reporter-output>
        </test-method> <!-- multiList -->
      </class> <!-- testScenarios.MultipleListBox -->
    </test> <!-- Test -->
  </suite> <!-- Suite -->
</testng-results>
