<?xml version="1.0" encoding="UTF-8"?>
<testng-results ignored="0" total="6" passed="6" failed="0" skipped="0">
  <reporter-output>
    <line>
      <![CDATA[Passed]]>
    </line>
  </reporter-output>
  <suite started-at="2024-08-30T05:15:47 IST" name="Suite" finished-at="2024-08-30T05:16:50 IST" duration-ms="62880">
    <groups>
    </groups>
    <test started-at="2024-08-30T05:15:47 IST" name="Test" finished-at="2024-08-30T05:16:50 IST" duration-ms="62880">
      <class name="testScenarios.SwitchAlerts">
        <test-method signature="alerts()[pri:0, instance:testScenarios.SwitchAlerts@188715b5]" started-at="2024-08-30T05:16:02 IST" name="alerts" finished-at="2024-08-30T05:16:14 IST" duration-ms="11766" status="PASS">
          <reporter-output>
          </reporter-output>
        </test-method> <!-- alerts -->
      </class> <!-- testScenarios.SwitchAlerts -->
      <class name="testScenarios.HandlingDynData">
        <test-method signature="dynDataMath()[pri:0, instance:testScenarios.HandlingDynData@2c767a52]" started-at="2024-08-30T05:15:48 IST" name="dynDataMath" finished-at="2024-08-30T05:15:54 IST" duration-ms="6017" status="PASS">
          <reporter-output>
          </reporter-output>
        </test-method> <!-- dynDataMath -->
      </class> <!-- testScenarios.HandlingDynData -->
      <class name="testScenarios.Vindeep">
        <test-method signature="vin()[pri:0, instance:testScenarios.Vindeep@1ea9f6af]" started-at="2024-08-30T05:16:14 IST" name="vin" finished-at="2024-08-30T05:16:28 IST" duration-ms="13866" status="PASS">
          <reporter-output>
          </reporter-output>
        </test-method> <!-- vin -->
      </class> <!-- testScenarios.Vindeep -->
      <class name="testScenarios.MouseActions">
        <test-method signature="dragAnddrop()[pri:0, instance:testScenarios.MouseActions@6a192cfe]" started-at="2024-08-30T05:16:28 IST" name="dragAnddrop" finished-at="2024-08-30T05:16:37 IST" duration-ms="9913" status="PASS">
          <reporter-output>
          </reporter-output>
        </test-method> <!-- dragAnddrop -->
      </class> <!-- testScenarios.MouseActions -->
      <class name="testScenarios.SwitchingWin">
        <test-method signature="switchWind()[pri:0, instance:testScenarios.SwitchingWin@2f7298b]" started-at="2024-08-30T05:15:54 IST" name="switchWind" finished-at="2024-08-30T05:16:02 IST" duration-ms="8317" status="PASS">
          <reporter-output>
          </reporter-output>
        </test-method> <!-- switchWind -->
      </class> <!-- testScenarios.SwitchingWin -->
      <class name="testScenarios.MultipleListBox">
        <test-method signature="multiList()[pri:0, instance:testScenarios.MultipleListBox@5119fb47]" started-at="2024-08-30T05:16:37 IST" name="multiList" finished-at="2024-08-30T05:16:50 IST" duration-ms="12913" status="PASS">
          <reporter-output>
            <line>
              <![CDATA[Passed]]>
            </line>
          </reporter-output>
        </test-method> <!-- multiList -->
      </class> <!-- testScenarios.MultipleListBox -->
    </test> <!-- Test -->
  </suite> <!-- Suite -->
</testng-results>
